{"/Users/renyadav/Desktop/Trainings/TGA/OTA-micro-services/api-aggregator/app.js": {"path":"/Users/renyadav/Desktop/Trainings/TGA/OTA-micro-services/api-aggregator/app.js","statementMap":{"0":{"start":{"line":1,"column":16},"end":{"line":1,"column":34}},"1":{"start":{"line":2,"column":13},"end":{"line":2,"column":28}},"2":{"start":{"line":3,"column":21},"end":{"line":3,"column":45}},"3":{"start":{"line":4,"column":15},"end":{"line":4,"column":32}},"4":{"start":{"line":6,"column":18},"end":{"line":6,"column":47}},"5":{"start":{"line":7,"column":24},"end":{"line":7,"column":49}},"6":{"start":{"line":9,"column":12},"end":{"line":9,"column":21}},"7":{"start":{"line":12,"column":0},"end":{"line":12,"column":24}},"8":{"start":{"line":13,"column":0},"end":{"line":13,"column":49}},"9":{"start":{"line":14,"column":0},"end":{"line":14,"column":24}},"10":{"start":{"line":15,"column":0},"end":{"line":15,"column":56}},"11":{"start":{"line":17,"column":0},"end":{"line":17,"column":72}},"12":{"start":{"line":19,"column":0},"end":{"line":19,"column":35}},"13":{"start":{"line":22,"column":0},"end":{"line":22,"column":37}},"14":{"start":{"line":23,"column":0},"end":{"line":23,"column":77}},"15":{"start":{"line":25,"column":0},"end":{"line":25,"column":21}}},"fnMap":{},"branchMap":{"0":{"loc":{"start":{"line":22,"column":11},"end":{"line":22,"column":35}},"type":"binary-expr","locations":[{"start":{"line":22,"column":11},"end":{"line":22,"column":27}},{"start":{"line":22,"column":31},"end":{"line":22,"column":35}}],"line":22},"1":{"loc":{"start":{"line":23,"column":50},"end":{"line":23,"column":74}},"type":"binary-expr","locations":[{"start":{"line":23,"column":50},"end":{"line":23,"column":66}},{"start":{"line":23,"column":70},"end":{"line":23,"column":74}}],"line":23}},"s":{"0":1,"1":1,"2":1,"3":1,"4":1,"5":1,"6":1,"7":1,"8":1,"9":1,"10":1,"11":1,"12":1,"13":1,"14":1,"15":1},"f":{},"b":{"0":[1,0],"1":[1,0]},"_coverageSchema":"1a1c01bbd47fc00a2c39e90264f33305004495a9","hash":"d48b7f7be5ee0073cfe5be948b0b11ba43269f7e"}
,"/Users/renyadav/Desktop/Trainings/TGA/OTA-micro-services/api-aggregator/config.js": {"path":"/Users/renyadav/Desktop/Trainings/TGA/OTA-micro-services/api-aggregator/config.js","statementMap":{"0":{"start":{"line":2,"column":15},"end":{"line":2,"column":32}},"1":{"start":{"line":3,"column":0},"end":{"line":3,"column":16}},"2":{"start":{"line":4,"column":0},"end":{"line":4,"column":55}},"3":{"start":{"line":6,"column":0},"end":{"line":9,"column":2}}},"fnMap":{},"branchMap":{},"s":{"0":1,"1":1,"2":1,"3":1},"f":{},"b":{},"_coverageSchema":"1a1c01bbd47fc00a2c39e90264f33305004495a9","hash":"f599e17c9ee56e31a00064d84bff760954e4fcf1"}
,"/Users/renyadav/Desktop/Trainings/TGA/OTA-micro-services/api-aggregator/mock/mockResponse.js": {"path":"/Users/renyadav/Desktop/Trainings/TGA/OTA-micro-services/api-aggregator/mock/mockResponse.js","statementMap":{"0":{"start":{"line":1,"column":17},"end":{"line":120,"column":1}},"1":{"start":{"line":121,"column":0},"end":{"line":121,"column":26}}},"fnMap":{},"branchMap":{},"s":{"0":1,"1":1},"f":{},"b":{},"_coverageSchema":"1a1c01bbd47fc00a2c39e90264f33305004495a9","hash":"b4ced5c6512b6378f0e2672d776e699045a81268"}
,"/Users/renyadav/Desktop/Trainings/TGA/OTA-micro-services/api-aggregator/routes/flight.js": {"path":"/Users/renyadav/Desktop/Trainings/TGA/OTA-micro-services/api-aggregator/routes/flight.js","statementMap":{"0":{"start":{"line":2,"column":32},"end":{"line":2,"column":52}},"1":{"start":{"line":3,"column":16},"end":{"line":3,"column":34}},"2":{"start":{"line":4,"column":16},"end":{"line":4,"column":34}},"3":{"start":{"line":6,"column":19},"end":{"line":24,"column":1}},"4":{"start":{"line":27,"column":0},"end":{"line":154,"column":2}},"5":{"start":{"line":28,"column":2},"end":{"line":71,"column":5}},"6":{"start":{"line":32,"column":20},"end":{"line":35,"column":6}},"7":{"start":{"line":38,"column":23},"end":{"line":38,"column":43}},"8":{"start":{"line":39,"column":28},"end":{"line":39,"column":53}},"9":{"start":{"line":40,"column":28},"end":{"line":40,"column":53}},"10":{"start":{"line":41,"column":26},"end":{"line":41,"column":62}},"11":{"start":{"line":42,"column":4},"end":{"line":42,"column":29}},"12":{"start":{"line":44,"column":4},"end":{"line":70,"column":7}},"13":{"start":{"line":56,"column":8},"end":{"line":58,"column":11}},"14":{"start":{"line":59,"column":8},"end":{"line":59,"column":49}},"15":{"start":{"line":60,"column":8},"end":{"line":60,"column":18}},"16":{"start":{"line":65,"column":6},"end":{"line":67,"column":9}},"17":{"start":{"line":68,"column":6},"end":{"line":68,"column":45}},"18":{"start":{"line":69,"column":6},"end":{"line":69,"column":16}},"19":{"start":{"line":73,"column":2},"end":{"line":76,"column":4}},"20":{"start":{"line":75,"column":4},"end":{"line":75,"column":29}},"21":{"start":{"line":79,"column":2},"end":{"line":114,"column":5}},"22":{"start":{"line":80,"column":4},"end":{"line":80,"column":58}},"23":{"start":{"line":84,"column":20},"end":{"line":87,"column":6}},"24":{"start":{"line":89,"column":24},"end":{"line":89,"column":32}},"25":{"start":{"line":90,"column":4},"end":{"line":113,"column":9}},"26":{"start":{"line":100,"column":8},"end":{"line":102,"column":11}},"27":{"start":{"line":103,"column":8},"end":{"line":103,"column":49}},"28":{"start":{"line":104,"column":8},"end":{"line":104,"column":18}},"29":{"start":{"line":108,"column":8},"end":{"line":110,"column":11}},"30":{"start":{"line":111,"column":8},"end":{"line":111,"column":47}},"31":{"start":{"line":112,"column":8},"end":{"line":112,"column":18}},"32":{"start":{"line":116,"column":2},"end":{"line":153,"column":5}},"33":{"start":{"line":119,"column":20},"end":{"line":122,"column":6}},"34":{"start":{"line":124,"column":35},"end":{"line":124,"column":43}},"35":{"start":{"line":125,"column":4},"end":{"line":152,"column":5}},"36":{"start":{"line":137,"column":4},"end":{"line":139,"column":7}},"37":{"start":{"line":140,"column":4},"end":{"line":140,"column":45}},"38":{"start":{"line":141,"column":4},"end":{"line":141,"column":14}},"39":{"start":{"line":144,"column":6},"end":{"line":144,"column":69}},"40":{"start":{"line":145,"column":6},"end":{"line":145,"column":83}},"41":{"start":{"line":147,"column":6},"end":{"line":149,"column":9}},"42":{"start":{"line":150,"column":6},"end":{"line":150,"column":45}},"43":{"start":{"line":151,"column":6},"end":{"line":151,"column":16}}},"fnMap":{"0":{"name":"(anonymous_0)","decl":{"start":{"line":27,"column":17},"end":{"line":27,"column":18}},"loc":{"start":{"line":27,"column":32},"end":{"line":154,"column":1}},"line":27},"1":{"name":"(anonymous_1)","decl":{"start":{"line":28,"column":27},"end":{"line":28,"column":28}},"loc":{"start":{"line":28,"column":47},"end":{"line":71,"column":3}},"line":28},"2":{"name":"(anonymous_2)","decl":{"start":{"line":54,"column":12},"end":{"line":54,"column":13}},"loc":{"start":{"line":54,"column":32},"end":{"line":62,"column":7}},"line":54},"3":{"name":"(anonymous_3)","decl":{"start":{"line":63,"column":13},"end":{"line":63,"column":14}},"loc":{"start":{"line":63,"column":38},"end":{"line":70,"column":5}},"line":63},"4":{"name":"(anonymous_4)","decl":{"start":{"line":73,"column":22},"end":{"line":73,"column":23}},"loc":{"start":{"line":73,"column":39},"end":{"line":76,"column":3}},"line":73},"5":{"name":"(anonymous_5)","decl":{"start":{"line":79,"column":34},"end":{"line":79,"column":35}},"loc":{"start":{"line":79,"column":54},"end":{"line":114,"column":3}},"line":79},"6":{"name":"(anonymous_6)","decl":{"start":{"line":99,"column":12},"end":{"line":99,"column":13}},"loc":{"start":{"line":99,"column":32},"end":{"line":106,"column":7}},"line":99},"7":{"name":"(anonymous_7)","decl":{"start":{"line":107,"column":13},"end":{"line":107,"column":14}},"loc":{"start":{"line":107,"column":38},"end":{"line":113,"column":7}},"line":107},"8":{"name":"(anonymous_8)","decl":{"start":{"line":116,"column":33},"end":{"line":116,"column":34}},"loc":{"start":{"line":116,"column":53},"end":{"line":153,"column":3}},"line":116},"9":{"name":"(anonymous_9)","decl":{"start":{"line":135,"column":8},"end":{"line":135,"column":9}},"loc":{"start":{"line":135,"column":28},"end":{"line":142,"column":3}},"line":135},"10":{"name":"(anonymous_10)","decl":{"start":{"line":143,"column":9},"end":{"line":143,"column":10}},"loc":{"start":{"line":143,"column":34},"end":{"line":152,"column":3}},"line":143}},"branchMap":{"0":{"loc":{"start":{"line":41,"column":26},"end":{"line":41,"column":62}},"type":"binary-expr","locations":[{"start":{"line":41,"column":26},"end":{"line":41,"column":49}},{"start":{"line":41,"column":53},"end":{"line":41,"column":62}}],"line":41},"1":{"loc":{"start":{"line":49,"column":12},"end":{"line":49,"column":58}},"type":"binary-expr","locations":[{"start":{"line":49,"column":12},"end":{"line":49,"column":25}},{"start":{"line":49,"column":29},"end":{"line":49,"column":58}}],"line":49}},"s":{"0":1,"1":1,"2":1,"3":1,"4":1,"5":1,"6":2,"7":2,"8":2,"9":2,"10":2,"11":2,"12":2,"13":1,"14":1,"15":1,"16":1,"17":1,"18":1,"19":1,"20":0,"21":1,"22":0,"23":0,"24":0,"25":0,"26":0,"27":0,"28":0,"29":0,"30":0,"31":0,"32":1,"33":0,"34":0,"35":0,"36":0,"37":0,"38":0,"39":0,"40":0,"41":0,"42":0,"43":0},"f":{"0":1,"1":2,"2":1,"3":1,"4":0,"5":0,"6":0,"7":0,"8":0,"9":0,"10":0},"b":{"0":[2,2],"1":[2,0]},"_coverageSchema":"1a1c01bbd47fc00a2c39e90264f33305004495a9","hash":"e0d01493c5fce8ba67dd2ae2073de93d780ed923"}
}
