TN:
SF:app.js
FNF:0
FNH:0
DA:1,1
DA:2,1
DA:3,1
DA:4,1
DA:6,1
DA:7,1
DA:9,1
DA:12,1
DA:13,1
DA:14,1
DA:15,1
DA:17,1
DA:19,1
DA:22,1
DA:23,1
DA:25,1
LF:16
LH:16
BRDA:22,0,0,1
BRDA:22,0,1,0
BRDA:23,1,0,1
BRDA:23,1,1,0
BRF:4
BRH:2
end_of_record
TN:
SF:config.js
FNF:0
FNH:0
DA:2,1
DA:3,1
DA:4,1
DA:6,1
LF:4
LH:4
BRF:0
BRH:0
end_of_record
TN:
SF:mock/mockResponse.js
FNF:0
FNH:0
DA:1,1
DA:121,1
LF:2
LH:2
BRF:0
BRH:0
end_of_record
TN:
SF:routes/flight.js
FN:27,(anonymous_0)
FN:28,(anonymous_1)
FN:54,(anonymous_2)
FN:63,(anonymous_3)
FN:73,(anonymous_4)
FN:79,(anonymous_5)
FN:99,(anonymous_6)
FN:107,(anonymous_7)
FN:116,(anonymous_8)
FN:135,(anonymous_9)
FN:143,(anonymous_10)
FNF:11
FNH:4
FNDA:1,(anonymous_0)
FNDA:2,(anonymous_1)
FNDA:1,(anonymous_2)
FNDA:1,(anonymous_3)
FNDA:0,(anonymous_4)
FNDA:0,(anonymous_5)
FNDA:0,(anonymous_6)
FNDA:0,(anonymous_7)
FNDA:0,(anonymous_8)
FNDA:0,(anonymous_9)
FNDA:0,(anonymous_10)
DA:2,1
DA:3,1
DA:4,1
DA:6,1
DA:27,1
DA:28,1
DA:32,2
DA:38,2
DA:39,2
DA:40,2
DA:41,2
DA:42,2
DA:44,2
DA:56,1
DA:59,1
DA:60,1
DA:65,1
DA:68,1
DA:69,1
DA:73,1
DA:75,0
DA:79,1
DA:80,0
DA:84,0
DA:89,0
DA:90,0
DA:100,0
DA:103,0
DA:104,0
DA:108,0
DA:111,0
DA:112,0
DA:116,1
DA:119,0
DA:124,0
DA:125,0
DA:137,0
DA:140,0
DA:141,0
DA:144,0
DA:145,0
DA:147,0
DA:150,0
DA:151,0
LF:44
LH:22
BRDA:41,0,0,2
BRDA:41,0,1,2
BRDA:49,1,0,2
BRDA:49,1,1,0
BRF:4
BRH:3
end_of_record
